2021-08-24 00:02:32.824  INFO 8208 --- [AsyncResolver-bootstrap-executor-0] c.n.d.s.r.aws.ConfigClusterResolver      : Resolving eureka endpoints via configuration
2021-08-24 00:07:32.860  INFO 8208 --- [AsyncResolver-bootstrap-executor-0] c.n.d.s.r.aws.ConfigClusterResolver      : Resolving eureka endpoints via configuration
2021-08-24 00:12:32.864  INFO 8208 --- [AsyncResolver-bootstrap-executor-0] c.n.d.s.r.aws.ConfigClusterResolver      : Resolving eureka endpoints via configuration
2021-08-24 00:17:32.866  INFO 8208 --- [AsyncResolver-bootstrap-executor-0] c.n.d.s.r.aws.ConfigClusterResolver      : Resolving eureka endpoints via configuration
2021-08-24 00:22:32.867  INFO 8208 --- [AsyncResolver-bootstrap-executor-0] c.n.d.s.r.aws.ConfigClusterResolver      : Resolving eureka endpoints via configuration
2021-08-24 00:27:32.883  INFO 8208 --- [AsyncResolver-bootstrap-executor-0] c.n.d.s.r.aws.ConfigClusterResolver      : Resolving eureka endpoints via configuration
2021-08-24 00:32:32.899  INFO 8208 --- [AsyncResolver-bootstrap-executor-0] c.n.d.s.r.aws.ConfigClusterResolver      : Resolving eureka endpoints via configuration
2021-08-24 00:37:32.912  INFO 8208 --- [AsyncResolver-bootstrap-executor-0] c.n.d.s.r.aws.ConfigClusterResolver      : Resolving eureka endpoints via configuration
2021-08-24 00:42:32.923  INFO 8208 --- [AsyncResolver-bootstrap-executor-0] c.n.d.s.r.aws.ConfigClusterResolver      : Resolving eureka endpoints via configuration
2021-08-24 00:47:32.931  INFO 8208 --- [AsyncResolver-bootstrap-executor-0] c.n.d.s.r.aws.ConfigClusterResolver      : Resolving eureka endpoints via configuration
2021-08-24 00:52:32.946  INFO 8208 --- [AsyncResolver-bootstrap-executor-0] c.n.d.s.r.aws.ConfigClusterResolver      : Resolving eureka endpoints via configuration
2021-08-24 00:57:32.953  INFO 8208 --- [AsyncResolver-bootstrap-executor-0] c.n.d.s.r.aws.ConfigClusterResolver      : Resolving eureka endpoints via configuration
2021-08-24 01:02:32.969  INFO 8208 --- [AsyncResolver-bootstrap-executor-0] c.n.d.s.r.aws.ConfigClusterResolver      : Resolving eureka endpoints via configuration
2021-08-24 01:07:32.985  INFO 8208 --- [AsyncResolver-bootstrap-executor-0] c.n.d.s.r.aws.ConfigClusterResolver      : Resolving eureka endpoints via configuration
2021-08-24 01:12:32.996  INFO 8208 --- [AsyncResolver-bootstrap-executor-0] c.n.d.s.r.aws.ConfigClusterResolver      : Resolving eureka endpoints via configuration
2021-08-24 01:17:33.007  INFO 8208 --- [AsyncResolver-bootstrap-executor-0] c.n.d.s.r.aws.ConfigClusterResolver      : Resolving eureka endpoints via configuration
2021-08-24 01:22:33.013  INFO 8208 --- [AsyncResolver-bootstrap-executor-0] c.n.d.s.r.aws.ConfigClusterResolver      : Resolving eureka endpoints via configuration
2021-08-24 01:27:33.026  INFO 8208 --- [AsyncResolver-bootstrap-executor-0] c.n.d.s.r.aws.ConfigClusterResolver      : Resolving eureka endpoints via configuration
2021-08-24 01:32:33.028  INFO 8208 --- [AsyncResolver-bootstrap-executor-0] c.n.d.s.r.aws.ConfigClusterResolver      : Resolving eureka endpoints via configuration
2021-08-24 01:37:33.037  INFO 8208 --- [AsyncResolver-bootstrap-executor-0] c.n.d.s.r.aws.ConfigClusterResolver      : Resolving eureka endpoints via configuration
2021-08-24 01:42:33.048  INFO 8208 --- [AsyncResolver-bootstrap-executor-0] c.n.d.s.r.aws.ConfigClusterResolver      : Resolving eureka endpoints via configuration
2021-08-24 01:47:33.052  INFO 8208 --- [AsyncResolver-bootstrap-executor-0] c.n.d.s.r.aws.ConfigClusterResolver      : Resolving eureka endpoints via configuration
2021-08-24 01:52:33.064  INFO 8208 --- [AsyncResolver-bootstrap-executor-0] c.n.d.s.r.aws.ConfigClusterResolver      : Resolving eureka endpoints via configuration
2021-08-24 01:57:33.080  INFO 8208 --- [AsyncResolver-bootstrap-executor-0] c.n.d.s.r.aws.ConfigClusterResolver      : Resolving eureka endpoints via configuration
2021-08-24 02:02:33.081  INFO 8208 --- [AsyncResolver-bootstrap-executor-0] c.n.d.s.r.aws.ConfigClusterResolver      : Resolving eureka endpoints via configuration
2021-08-24 02:07:33.083  INFO 8208 --- [AsyncResolver-bootstrap-executor-0] c.n.d.s.r.aws.ConfigClusterResolver      : Resolving eureka endpoints via configuration
2021-08-24 02:12:33.091  INFO 8208 --- [AsyncResolver-bootstrap-executor-0] c.n.d.s.r.aws.ConfigClusterResolver      : Resolving eureka endpoints via configuration
2021-08-24 02:17:33.100  INFO 8208 --- [AsyncResolver-bootstrap-executor-0] c.n.d.s.r.aws.ConfigClusterResolver      : Resolving eureka endpoints via configuration
2021-08-24 02:22:33.115  INFO 8208 --- [AsyncResolver-bootstrap-executor-0] c.n.d.s.r.aws.ConfigClusterResolver      : Resolving eureka endpoints via configuration
2021-08-24 02:27:33.120  INFO 8208 --- [AsyncResolver-bootstrap-executor-0] c.n.d.s.r.aws.ConfigClusterResolver      : Resolving eureka endpoints via configuration
2021-08-24 02:32:33.135  INFO 8208 --- [AsyncResolver-bootstrap-executor-0] c.n.d.s.r.aws.ConfigClusterResolver      : Resolving eureka endpoints via configuration
2021-08-24 02:37:33.143  INFO 8208 --- [AsyncResolver-bootstrap-executor-0] c.n.d.s.r.aws.ConfigClusterResolver      : Resolving eureka endpoints via configuration
2021-08-24 02:42:33.159  INFO 8208 --- [AsyncResolver-bootstrap-executor-0] c.n.d.s.r.aws.ConfigClusterResolver      : Resolving eureka endpoints via configuration
2021-08-24 02:47:33.163  INFO 8208 --- [AsyncResolver-bootstrap-executor-0] c.n.d.s.r.aws.ConfigClusterResolver      : Resolving eureka endpoints via configuration
2021-08-24 02:52:33.167  INFO 8208 --- [AsyncResolver-bootstrap-executor-0] c.n.d.s.r.aws.ConfigClusterResolver      : Resolving eureka endpoints via configuration
2021-08-24 02:57:33.175  INFO 8208 --- [AsyncResolver-bootstrap-executor-0] c.n.d.s.r.aws.ConfigClusterResolver      : Resolving eureka endpoints via configuration
2021-08-24 03:02:33.176  INFO 8208 --- [AsyncResolver-bootstrap-executor-0] c.n.d.s.r.aws.ConfigClusterResolver      : Resolving eureka endpoints via configuration
2021-08-24 03:07:33.189  INFO 8208 --- [AsyncResolver-bootstrap-executor-0] c.n.d.s.r.aws.ConfigClusterResolver      : Resolving eureka endpoints via configuration
2021-08-24 03:12:33.202  INFO 8208 --- [AsyncResolver-bootstrap-executor-0] c.n.d.s.r.aws.ConfigClusterResolver      : Resolving eureka endpoints via configuration
2021-08-24 03:17:33.209  INFO 8208 --- [AsyncResolver-bootstrap-executor-0] c.n.d.s.r.aws.ConfigClusterResolver      : Resolving eureka endpoints via configuration
2021-08-24 03:22:33.216  INFO 8208 --- [AsyncResolver-bootstrap-executor-0] c.n.d.s.r.aws.ConfigClusterResolver      : Resolving eureka endpoints via configuration
2021-08-24 03:27:33.230  INFO 8208 --- [AsyncResolver-bootstrap-executor-0] c.n.d.s.r.aws.ConfigClusterResolver      : Resolving eureka endpoints via configuration
2021-08-24 03:32:33.244  INFO 8208 --- [AsyncResolver-bootstrap-executor-0] c.n.d.s.r.aws.ConfigClusterResolver      : Resolving eureka endpoints via configuration
2021-08-24 03:37:33.256  INFO 8208 --- [AsyncResolver-bootstrap-executor-0] c.n.d.s.r.aws.ConfigClusterResolver      : Resolving eureka endpoints via configuration
2021-08-24 03:42:33.267  INFO 8208 --- [AsyncResolver-bootstrap-executor-0] c.n.d.s.r.aws.ConfigClusterResolver      : Resolving eureka endpoints via configuration
2021-08-24 03:47:33.276  INFO 8208 --- [AsyncResolver-bootstrap-executor-0] c.n.d.s.r.aws.ConfigClusterResolver      : Resolving eureka endpoints via configuration
2021-08-24 03:52:33.280  INFO 8208 --- [AsyncResolver-bootstrap-executor-0] c.n.d.s.r.aws.ConfigClusterResolver      : Resolving eureka endpoints via configuration
2021-08-24 03:57:33.284  INFO 8208 --- [AsyncResolver-bootstrap-executor-0] c.n.d.s.r.aws.ConfigClusterResolver      : Resolving eureka endpoints via configuration
2021-08-24 04:02:33.289  INFO 8208 --- [AsyncResolver-bootstrap-executor-0] c.n.d.s.r.aws.ConfigClusterResolver      : Resolving eureka endpoints via configuration
2021-08-24 04:07:33.294  INFO 8208 --- [AsyncResolver-bootstrap-executor-0] c.n.d.s.r.aws.ConfigClusterResolver      : Resolving eureka endpoints via configuration
2021-08-24 04:12:33.303  INFO 8208 --- [AsyncResolver-bootstrap-executor-0] c.n.d.s.r.aws.ConfigClusterResolver      : Resolving eureka endpoints via configuration
2021-08-24 04:17:33.311  INFO 8208 --- [AsyncResolver-bootstrap-executor-0] c.n.d.s.r.aws.ConfigClusterResolver      : Resolving eureka endpoints via configuration
2021-08-24 04:22:33.315  INFO 8208 --- [AsyncResolver-bootstrap-executor-0] c.n.d.s.r.aws.ConfigClusterResolver      : Resolving eureka endpoints via configuration
2021-08-24 04:27:33.322  INFO 8208 --- [AsyncResolver-bootstrap-executor-0] c.n.d.s.r.aws.ConfigClusterResolver      : Resolving eureka endpoints via configuration
2021-08-24 04:32:33.335  INFO 8208 --- [AsyncResolver-bootstrap-executor-0] c.n.d.s.r.aws.ConfigClusterResolver      : Resolving eureka endpoints via configuration
2021-08-24 04:37:33.352  INFO 8208 --- [AsyncResolver-bootstrap-executor-0] c.n.d.s.r.aws.ConfigClusterResolver      : Resolving eureka endpoints via configuration
2021-08-24 04:42:33.355  INFO 8208 --- [AsyncResolver-bootstrap-executor-0] c.n.d.s.r.aws.ConfigClusterResolver      : Resolving eureka endpoints via configuration
2021-08-24 04:47:33.364  INFO 8208 --- [AsyncResolver-bootstrap-executor-0] c.n.d.s.r.aws.ConfigClusterResolver      : Resolving eureka endpoints via configuration
2021-08-24 04:52:33.371  INFO 8208 --- [AsyncResolver-bootstrap-executor-0] c.n.d.s.r.aws.ConfigClusterResolver      : Resolving eureka endpoints via configuration
2021-08-24 04:57:33.384  INFO 8208 --- [AsyncResolver-bootstrap-executor-0] c.n.d.s.r.aws.ConfigClusterResolver      : Resolving eureka endpoints via configuration
2021-08-24 05:02:33.390  INFO 8208 --- [AsyncResolver-bootstrap-executor-0] c.n.d.s.r.aws.ConfigClusterResolver      : Resolving eureka endpoints via configuration
2021-08-24 05:07:33.398  INFO 8208 --- [AsyncResolver-bootstrap-executor-0] c.n.d.s.r.aws.ConfigClusterResolver      : Resolving eureka endpoints via configuration
2021-08-24 05:12:33.415  INFO 8208 --- [AsyncResolver-bootstrap-executor-0] c.n.d.s.r.aws.ConfigClusterResolver      : Resolving eureka endpoints via configuration
2021-08-24 05:17:33.431  INFO 8208 --- [AsyncResolver-bootstrap-executor-0] c.n.d.s.r.aws.ConfigClusterResolver      : Resolving eureka endpoints via configuration
2021-08-24 05:22:33.437  INFO 8208 --- [AsyncResolver-bootstrap-executor-0] c.n.d.s.r.aws.ConfigClusterResolver      : Resolving eureka endpoints via configuration
2021-08-24 05:27:33.451  INFO 8208 --- [AsyncResolver-bootstrap-executor-0] c.n.d.s.r.aws.ConfigClusterResolver      : Resolving eureka endpoints via configuration
2021-08-24 07:48:09.117  INFO 8208 --- [kafka-coordinator-heartbeat-thread | academia-consumers] o.a.k.c.c.internals.AbstractCoordinator  : [Consumer clientId=consumer-academia-consumers-2, groupId=academia-consumers] Group coordinator host.docker.internal:9092 (id: 2147483647 rack: null) is unavailable or invalid, will attempt rediscovery
2021-08-24 07:48:09.138  INFO 8208 --- [KafkaConsumerDestination{consumerDestinationName='topic-academia-document', partitions=5, dlqName='null'}.container-0-C-1] o.a.k.c.c.internals.AbstractCoordinator  : [Consumer clientId=consumer-academia-consumers-2, groupId=academia-consumers] Discovered group coordinator host.docker.internal:9092 (id: 2147483647 rack: null)
2021-08-24 07:48:09.606  INFO 8208 --- [KafkaConsumerDestination{consumerDestinationName='topic-academia-document', partitions=5, dlqName='null'}.container-0-C-1] o.a.k.c.c.internals.AbstractCoordinator  : [Consumer clientId=consumer-academia-consumers-2, groupId=academia-consumers] Attempt to heartbeat failed since group is rebalancing
2021-08-24 07:48:09.606  INFO 8208 --- [KafkaConsumerDestination{consumerDestinationName='topic-academia-document', partitions=5, dlqName='null'}.container-0-C-1] o.a.k.c.c.internals.ConsumerCoordinator  : [Consumer clientId=consumer-academia-consumers-2, groupId=academia-consumers] Revoke previously assigned partitions topic-academia-document-3
2021-08-24 07:48:09.607  INFO 8208 --- [KafkaConsumerDestination{consumerDestinationName='topic-academia-document', partitions=5, dlqName='null'}.container-0-C-1] o.s.c.s.b.k.KafkaMessageChannelBinder$1  : academia-consumers: partitions revoked: [topic-academia-document-3]
2021-08-24 07:48:09.611  INFO 8208 --- [KafkaConsumerDestination{consumerDestinationName='topic-academia-document', partitions=5, dlqName='null'}.container-0-C-1] o.a.k.c.c.internals.AbstractCoordinator  : [Consumer clientId=consumer-academia-consumers-2, groupId=academia-consumers] (Re-)joining group
2021-08-24 07:48:09.716  INFO 8208 --- [KafkaConsumerDestination{consumerDestinationName='topic-academia-document', partitions=5, dlqName='null'}.container-0-C-1] o.a.k.c.c.internals.ConsumerCoordinator  : [Consumer clientId=consumer-academia-consumers-2, groupId=academia-consumers] Finished assignment for group at generation 26: {consumer-academia-consumers-2-bf0e86f1-ca8b-4447-86ea-66839128af7f=Assignment(partitions=[topic-academia-document-4]), consumer-academia-consumers-2-35116f2e-0f2c-4192-a735-18b1ecdf2e3d=Assignment(partitions=[topic-academia-document-2, topic-academia-document-3]), consumer-academia-consumers-2-27f98871-4b6a-4a13-91c5-e6fe6d4076e0=Assignment(partitions=[topic-academia-document-0, topic-academia-document-1])}
2021-08-24 07:48:09.857  INFO 8208 --- [KafkaConsumerDestination{consumerDestinationName='topic-academia-document', partitions=5, dlqName='null'}.container-0-C-1] o.a.k.c.c.internals.AbstractCoordinator  : [Consumer clientId=consumer-academia-consumers-2, groupId=academia-consumers] Successfully joined group with generation 26
2021-08-24 07:48:09.858  INFO 8208 --- [KafkaConsumerDestination{consumerDestinationName='topic-academia-document', partitions=5, dlqName='null'}.container-0-C-1] o.a.k.c.c.internals.ConsumerCoordinator  : [Consumer clientId=consumer-academia-consumers-2, groupId=academia-consumers] Adding newly assigned partitions: topic-academia-document-4
2021-08-24 07:48:09.913  INFO 8208 --- [KafkaConsumerDestination{consumerDestinationName='topic-academia-document', partitions=5, dlqName='null'}.container-0-C-1] o.a.k.c.c.internals.ConsumerCoordinator  : [Consumer clientId=consumer-academia-consumers-2, groupId=academia-consumers] Setting offset for partition topic-academia-document-4 to the committed offset FetchPosition{offset=4, offsetEpoch=Optional.empty, currentLeader=LeaderAndEpoch{leader=Optional[host.docker.internal:9092 (id: 0 rack: null)], epoch=0}}
2021-08-24 07:48:09.926  INFO 8208 --- [KafkaConsumerDestination{consumerDestinationName='topic-academia-document', partitions=5, dlqName='null'}.container-0-C-1] o.s.c.s.b.k.KafkaMessageChannelBinder$1  : academia-consumers: partitions assigned: [topic-academia-document-4]
2021-08-24 07:48:11.675  WARN 8208 --- [HikariPool-1 housekeeper] com.zaxxer.hikari.pool.HikariPool        : HikariPool-1 - Thread starvation or clock leap detected (housekeeper delta=2h18m8s318ms913µs).
2021-08-24 07:48:12.866  INFO 8208 --- [KafkaConsumerDestination{consumerDestinationName='topic-academia-document', partitions=5, dlqName='null'}.container-0-C-1] o.a.k.c.c.internals.AbstractCoordinator  : [Consumer clientId=consumer-academia-consumers-2, groupId=academia-consumers] Attempt to heartbeat failed since group is rebalancing
2021-08-24 07:48:12.867  INFO 8208 --- [KafkaConsumerDestination{consumerDestinationName='topic-academia-document', partitions=5, dlqName='null'}.container-0-C-1] o.a.k.c.c.internals.ConsumerCoordinator  : [Consumer clientId=consumer-academia-consumers-2, groupId=academia-consumers] Revoke previously assigned partitions topic-academia-document-4
2021-08-24 07:48:12.867  INFO 8208 --- [KafkaConsumerDestination{consumerDestinationName='topic-academia-document', partitions=5, dlqName='null'}.container-0-C-1] o.s.c.s.b.k.KafkaMessageChannelBinder$1  : academia-consumers: partitions revoked: [topic-academia-document-4]
2021-08-24 07:48:12.867  INFO 8208 --- [KafkaConsumerDestination{consumerDestinationName='topic-academia-document', partitions=5, dlqName='null'}.container-0-C-1] o.a.k.c.c.internals.AbstractCoordinator  : [Consumer clientId=consumer-academia-consumers-2, groupId=academia-consumers] (Re-)joining group
2021-08-24 07:48:12.885  INFO 8208 --- [KafkaConsumerDestination{consumerDestinationName='topic-academia-document', partitions=5, dlqName='null'}.container-0-C-1] o.a.k.c.c.internals.ConsumerCoordinator  : [Consumer clientId=consumer-academia-consumers-2, groupId=academia-consumers] Finished assignment for group at generation 27: {consumer-academia-consumers-2-4800d101-fcbb-4d5d-9447-febab1f80dee=Assignment(partitions=[topic-academia-document-2]), consumer-academia-consumers-2-9b0eefbf-37d5-4e07-a1b8-d0b94925f8a6=Assignment(partitions=[topic-academia-document-3]), consumer-academia-consumers-2-bf0e86f1-ca8b-4447-86ea-66839128af7f=Assignment(partitions=[topic-academia-document-4]), consumer-academia-consumers-2-35116f2e-0f2c-4192-a735-18b1ecdf2e3d=Assignment(partitions=[topic-academia-document-1]), consumer-academia-consumers-2-27f98871-4b6a-4a13-91c5-e6fe6d4076e0=Assignment(partitions=[topic-academia-document-0])}
2021-08-24 07:48:12.892  INFO 8208 --- [KafkaConsumerDestination{consumerDestinationName='topic-academia-document', partitions=5, dlqName='null'}.container-0-C-1] o.a.k.c.c.internals.AbstractCoordinator  : [Consumer clientId=consumer-academia-consumers-2, groupId=academia-consumers] Successfully joined group with generation 27
2021-08-24 07:48:12.893  INFO 8208 --- [KafkaConsumerDestination{consumerDestinationName='topic-academia-document', partitions=5, dlqName='null'}.container-0-C-1] o.a.k.c.c.internals.ConsumerCoordinator  : [Consumer clientId=consumer-academia-consumers-2, groupId=academia-consumers] Adding newly assigned partitions: topic-academia-document-4
2021-08-24 07:48:12.895  INFO 8208 --- [KafkaConsumerDestination{consumerDestinationName='topic-academia-document', partitions=5, dlqName='null'}.container-0-C-1] o.a.k.c.c.internals.ConsumerCoordinator  : [Consumer clientId=consumer-academia-consumers-2, groupId=academia-consumers] Setting offset for partition topic-academia-document-4 to the committed offset FetchPosition{offset=4, offsetEpoch=Optional.empty, currentLeader=LeaderAndEpoch{leader=Optional[host.docker.internal:9092 (id: 0 rack: null)], epoch=0}}
2021-08-24 07:48:12.895  INFO 8208 --- [KafkaConsumerDestination{consumerDestinationName='topic-academia-document', partitions=5, dlqName='null'}.container-0-C-1] o.s.c.s.b.k.KafkaMessageChannelBinder$1  : academia-consumers: partitions assigned: [topic-academia-document-4]
2021-08-24 09:09:04.503  INFO 8208 --- [kafka-coordinator-heartbeat-thread | academia-consumers] o.a.k.c.c.internals.AbstractCoordinator  : [Consumer clientId=consumer-academia-consumers-2, groupId=academia-consumers] Group coordinator host.docker.internal:9092 (id: 2147483647 rack: null) is unavailable or invalid, will attempt rediscovery
2021-08-24 09:09:04.516  INFO 8208 --- [KafkaConsumerDestination{consumerDestinationName='topic-academia-document', partitions=5, dlqName='null'}.container-0-C-1] o.a.k.c.c.internals.AbstractCoordinator  : [Consumer clientId=consumer-academia-consumers-2, groupId=academia-consumers] Discovered group coordinator host.docker.internal:9092 (id: 2147483647 rack: null)
2021-08-24 09:09:04.516  INFO 8208 --- [KafkaConsumerDestination{consumerDestinationName='topic-academia-document', partitions=5, dlqName='null'}.container-0-C-1] o.a.k.c.c.internals.AbstractCoordinator  : [Consumer clientId=consumer-academia-consumers-2, groupId=academia-consumers] Group coordinator host.docker.internal:9092 (id: 2147483647 rack: null) is unavailable or invalid, will attempt rediscovery
2021-08-24 09:09:04.634  INFO 8208 --- [KafkaConsumerDestination{consumerDestinationName='topic-academia-document', partitions=5, dlqName='null'}.container-0-C-1] o.a.k.c.c.internals.AbstractCoordinator  : [Consumer clientId=consumer-academia-consumers-2, groupId=academia-consumers] Discovered group coordinator host.docker.internal:9092 (id: 2147483647 rack: null)
2021-08-24 09:09:06.258  INFO 8208 --- [KafkaConsumerDestination{consumerDestinationName='topic-academia-document', partitions=5, dlqName='null'}.container-0-C-1] o.a.k.c.c.internals.AbstractCoordinator  : [Consumer clientId=consumer-academia-consumers-2, groupId=academia-consumers] Attempt to heartbeat failed since group is rebalancing
2021-08-24 09:09:06.259  INFO 8208 --- [KafkaConsumerDestination{consumerDestinationName='topic-academia-document', partitions=5, dlqName='null'}.container-0-C-1] o.a.k.c.c.internals.ConsumerCoordinator  : [Consumer clientId=consumer-academia-consumers-2, groupId=academia-consumers] Revoke previously assigned partitions topic-academia-document-4
2021-08-24 09:09:06.259  INFO 8208 --- [KafkaConsumerDestination{consumerDestinationName='topic-academia-document', partitions=5, dlqName='null'}.container-0-C-1] o.s.c.s.b.k.KafkaMessageChannelBinder$1  : academia-consumers: partitions revoked: [topic-academia-document-4]
2021-08-24 09:09:06.259  INFO 8208 --- [KafkaConsumerDestination{consumerDestinationName='topic-academia-document', partitions=5, dlqName='null'}.container-0-C-1] o.a.k.c.c.internals.AbstractCoordinator  : [Consumer clientId=consumer-academia-consumers-2, groupId=academia-consumers] (Re-)joining group
2021-08-24 09:09:07.283  INFO 8208 --- [KafkaConsumerDestination{consumerDestinationName='topic-academia-document', partitions=5, dlqName='null'}.container-0-C-1] o.a.k.c.c.internals.ConsumerCoordinator  : [Consumer clientId=consumer-academia-consumers-2, groupId=academia-consumers] Finished assignment for group at generation 28: {consumer-academia-consumers-2-bf0e86f1-ca8b-4447-86ea-66839128af7f=Assignment(partitions=[topic-academia-document-3, topic-academia-document-4]), consumer-academia-consumers-2-27f98871-4b6a-4a13-91c5-e6fe6d4076e0=Assignment(partitions=[topic-academia-document-0, topic-academia-document-1, topic-academia-document-2])}
2021-08-24 09:09:07.290  INFO 8208 --- [KafkaConsumerDestination{consumerDestinationName='topic-academia-document', partitions=5, dlqName='null'}.container-0-C-1] o.a.k.c.c.internals.AbstractCoordinator  : [Consumer clientId=consumer-academia-consumers-2, groupId=academia-consumers] Successfully joined group with generation 28
2021-08-24 09:09:07.290  INFO 8208 --- [KafkaConsumerDestination{consumerDestinationName='topic-academia-document', partitions=5, dlqName='null'}.container-0-C-1] o.a.k.c.c.internals.ConsumerCoordinator  : [Consumer clientId=consumer-academia-consumers-2, groupId=academia-consumers] Adding newly assigned partitions: topic-academia-document-4, topic-academia-document-3
2021-08-24 09:09:07.291  INFO 8208 --- [KafkaConsumerDestination{consumerDestinationName='topic-academia-document', partitions=5, dlqName='null'}.container-0-C-1] o.a.k.c.c.internals.ConsumerCoordinator  : [Consumer clientId=consumer-academia-consumers-2, groupId=academia-consumers] Setting offset for partition topic-academia-document-4 to the committed offset FetchPosition{offset=4, offsetEpoch=Optional.empty, currentLeader=LeaderAndEpoch{leader=Optional[host.docker.internal:9092 (id: 0 rack: null)], epoch=0}}
2021-08-24 09:09:07.292  INFO 8208 --- [KafkaConsumerDestination{consumerDestinationName='topic-academia-document', partitions=5, dlqName='null'}.container-0-C-1] o.a.k.c.c.internals.ConsumerCoordinator  : [Consumer clientId=consumer-academia-consumers-2, groupId=academia-consumers] Setting offset for partition topic-academia-document-3 to the committed offset FetchPosition{offset=4, offsetEpoch=Optional.empty, currentLeader=LeaderAndEpoch{leader=Optional[host.docker.internal:9092 (id: 0 rack: null)], epoch=0}}
2021-08-24 09:09:07.292  INFO 8208 --- [KafkaConsumerDestination{consumerDestinationName='topic-academia-document', partitions=5, dlqName='null'}.container-0-C-1] o.s.c.s.b.k.KafkaMessageChannelBinder$1  : academia-consumers: partitions assigned: [topic-academia-document-4, topic-academia-document-3]
2021-08-24 09:09:10.302  INFO 8208 --- [KafkaConsumerDestination{consumerDestinationName='topic-academia-document', partitions=5, dlqName='null'}.container-0-C-1] o.a.k.c.c.internals.AbstractCoordinator  : [Consumer clientId=consumer-academia-consumers-2, groupId=academia-consumers] Attempt to heartbeat failed since group is rebalancing
2021-08-24 09:09:10.303  INFO 8208 --- [KafkaConsumerDestination{consumerDestinationName='topic-academia-document', partitions=5, dlqName='null'}.container-0-C-1] o.a.k.c.c.internals.ConsumerCoordinator  : [Consumer clientId=consumer-academia-consumers-2, groupId=academia-consumers] Revoke previously assigned partitions topic-academia-document-4, topic-academia-document-3
2021-08-24 09:09:10.303  INFO 8208 --- [KafkaConsumerDestination{consumerDestinationName='topic-academia-document', partitions=5, dlqName='null'}.container-0-C-1] o.s.c.s.b.k.KafkaMessageChannelBinder$1  : academia-consumers: partitions revoked: [topic-academia-document-4, topic-academia-document-3]
2021-08-24 09:09:10.303  INFO 8208 --- [KafkaConsumerDestination{consumerDestinationName='topic-academia-document', partitions=5, dlqName='null'}.container-0-C-1] o.a.k.c.c.internals.AbstractCoordinator  : [Consumer clientId=consumer-academia-consumers-2, groupId=academia-consumers] (Re-)joining group
2021-08-24 09:09:10.325  INFO 8208 --- [KafkaConsumerDestination{consumerDestinationName='topic-academia-document', partitions=5, dlqName='null'}.container-0-C-1] o.a.k.c.c.internals.ConsumerCoordinator  : [Consumer clientId=consumer-academia-consumers-2, groupId=academia-consumers] Finished assignment for group at generation 29: {consumer-academia-consumers-2-c70e83c2-056d-4a10-9db1-6d0078e18d4e=Assignment(partitions=[topic-academia-document-3]), consumer-academia-consumers-2-09a77c16-3f77-431b-957b-17c49b67b9cb=Assignment(partitions=[topic-academia-document-0]), consumer-academia-consumers-2-bf0e86f1-ca8b-4447-86ea-66839128af7f=Assignment(partitions=[topic-academia-document-2]), consumer-academia-consumers-2-f2fb326e-8b08-4c06-b9ca-bd7b053c2d57=Assignment(partitions=[topic-academia-document-4]), consumer-academia-consumers-2-27f98871-4b6a-4a13-91c5-e6fe6d4076e0=Assignment(partitions=[topic-academia-document-1])}
2021-08-24 09:09:10.345  INFO 8208 --- [KafkaConsumerDestination{consumerDestinationName='topic-academia-document', partitions=5, dlqName='null'}.container-0-C-1] o.a.k.c.c.internals.AbstractCoordinator  : [Consumer clientId=consumer-academia-consumers-2, groupId=academia-consumers] Successfully joined group with generation 29
2021-08-24 09:09:10.345  INFO 8208 --- [KafkaConsumerDestination{consumerDestinationName='topic-academia-document', partitions=5, dlqName='null'}.container-0-C-1] o.a.k.c.c.internals.ConsumerCoordinator  : [Consumer clientId=consumer-academia-consumers-2, groupId=academia-consumers] Adding newly assigned partitions: topic-academia-document-2
2021-08-24 09:09:10.347  INFO 8208 --- [KafkaConsumerDestination{consumerDestinationName='topic-academia-document', partitions=5, dlqName='null'}.container-0-C-1] o.a.k.c.c.internals.ConsumerCoordinator  : [Consumer clientId=consumer-academia-consumers-2, groupId=academia-consumers] Setting offset for partition topic-academia-document-2 to the committed offset FetchPosition{offset=4, offsetEpoch=Optional.empty, currentLeader=LeaderAndEpoch{leader=Optional[host.docker.internal:9092 (id: 0 rack: null)], epoch=0}}
2021-08-24 09:09:10.348  INFO 8208 --- [KafkaConsumerDestination{consumerDestinationName='topic-academia-document', partitions=5, dlqName='null'}.container-0-C-1] o.s.c.s.b.k.KafkaMessageChannelBinder$1  : academia-consumers: partitions assigned: [topic-academia-document-2]
2021-08-24 09:09:32.547  WARN 8208 --- [HikariPool-1 housekeeper] com.zaxxer.hikari.pool.HikariPool        : HikariPool-1 - Thread starvation or clock leap detected (housekeeper delta=1h21m3s667ms184µs100ns).
2021-08-24 09:10:32.622  INFO 8208 --- [AsyncResolver-bootstrap-executor-0] c.n.d.s.r.aws.ConfigClusterResolver      : Resolving eureka endpoints via configuration
2021-08-24 09:15:32.632  INFO 8208 --- [AsyncResolver-bootstrap-executor-0] c.n.d.s.r.aws.ConfigClusterResolver      : Resolving eureka endpoints via configuration
2021-08-24 09:20:32.638  INFO 8208 --- [AsyncResolver-bootstrap-executor-0] c.n.d.s.r.aws.ConfigClusterResolver      : Resolving eureka endpoints via configuration
2021-08-24 09:25:32.642  INFO 8208 --- [AsyncResolver-bootstrap-executor-0] c.n.d.s.r.aws.ConfigClusterResolver      : Resolving eureka endpoints via configuration
2021-08-24 09:30:32.651  INFO 8208 --- [AsyncResolver-bootstrap-executor-0] c.n.d.s.r.aws.ConfigClusterResolver      : Resolving eureka endpoints via configuration
2021-08-24 09:35:32.656  INFO 8208 --- [AsyncResolver-bootstrap-executor-0] c.n.d.s.r.aws.ConfigClusterResolver      : Resolving eureka endpoints via configuration
2021-08-24 09:40:32.658  INFO 8208 --- [AsyncResolver-bootstrap-executor-0] c.n.d.s.r.aws.ConfigClusterResolver      : Resolving eureka endpoints via configuration
2021-08-24 09:45:32.672  INFO 8208 --- [AsyncResolver-bootstrap-executor-0] c.n.d.s.r.aws.ConfigClusterResolver      : Resolving eureka endpoints via configuration
2021-08-24 09:50:32.691  INFO 8208 --- [AsyncResolver-bootstrap-executor-0] c.n.d.s.r.aws.ConfigClusterResolver      : Resolving eureka endpoints via configuration
2021-08-24 09:55:32.706  INFO 8208 --- [AsyncResolver-bootstrap-executor-0] c.n.d.s.r.aws.ConfigClusterResolver      : Resolving eureka endpoints via configuration
2021-08-24 10:00:32.714  INFO 8208 --- [AsyncResolver-bootstrap-executor-0] c.n.d.s.r.aws.ConfigClusterResolver      : Resolving eureka endpoints via configuration
