2021-08-24 00:02:39.909  INFO 8820 --- [AsyncResolver-bootstrap-executor-0] c.n.d.s.r.aws.ConfigClusterResolver      : Resolving eureka endpoints via configuration
2021-08-24 00:07:39.960  INFO 8820 --- [AsyncResolver-bootstrap-executor-0] c.n.d.s.r.aws.ConfigClusterResolver      : Resolving eureka endpoints via configuration
2021-08-24 00:12:39.971  INFO 8820 --- [AsyncResolver-bootstrap-executor-0] c.n.d.s.r.aws.ConfigClusterResolver      : Resolving eureka endpoints via configuration
2021-08-24 00:17:39.973  INFO 8820 --- [AsyncResolver-bootstrap-executor-0] c.n.d.s.r.aws.ConfigClusterResolver      : Resolving eureka endpoints via configuration
2021-08-24 00:22:39.983  INFO 8820 --- [AsyncResolver-bootstrap-executor-0] c.n.d.s.r.aws.ConfigClusterResolver      : Resolving eureka endpoints via configuration
2021-08-24 00:27:40.000  INFO 8820 --- [AsyncResolver-bootstrap-executor-0] c.n.d.s.r.aws.ConfigClusterResolver      : Resolving eureka endpoints via configuration
2021-08-24 00:32:40.006  INFO 8820 --- [AsyncResolver-bootstrap-executor-0] c.n.d.s.r.aws.ConfigClusterResolver      : Resolving eureka endpoints via configuration
2021-08-24 00:37:40.019  INFO 8820 --- [AsyncResolver-bootstrap-executor-0] c.n.d.s.r.aws.ConfigClusterResolver      : Resolving eureka endpoints via configuration
2021-08-24 00:42:40.021  INFO 8820 --- [AsyncResolver-bootstrap-executor-0] c.n.d.s.r.aws.ConfigClusterResolver      : Resolving eureka endpoints via configuration
2021-08-24 00:47:40.028  INFO 8820 --- [AsyncResolver-bootstrap-executor-0] c.n.d.s.r.aws.ConfigClusterResolver      : Resolving eureka endpoints via configuration
2021-08-24 00:52:40.043  INFO 8820 --- [AsyncResolver-bootstrap-executor-0] c.n.d.s.r.aws.ConfigClusterResolver      : Resolving eureka endpoints via configuration
2021-08-24 00:57:40.057  INFO 8820 --- [AsyncResolver-bootstrap-executor-0] c.n.d.s.r.aws.ConfigClusterResolver      : Resolving eureka endpoints via configuration
2021-08-24 01:02:40.063  INFO 8820 --- [AsyncResolver-bootstrap-executor-0] c.n.d.s.r.aws.ConfigClusterResolver      : Resolving eureka endpoints via configuration
2021-08-24 01:07:40.069  INFO 8820 --- [AsyncResolver-bootstrap-executor-0] c.n.d.s.r.aws.ConfigClusterResolver      : Resolving eureka endpoints via configuration
2021-08-24 01:12:40.073  INFO 8820 --- [AsyncResolver-bootstrap-executor-0] c.n.d.s.r.aws.ConfigClusterResolver      : Resolving eureka endpoints via configuration
2021-08-24 01:17:40.079  INFO 8820 --- [AsyncResolver-bootstrap-executor-0] c.n.d.s.r.aws.ConfigClusterResolver      : Resolving eureka endpoints via configuration
2021-08-24 01:22:40.089  INFO 8820 --- [AsyncResolver-bootstrap-executor-0] c.n.d.s.r.aws.ConfigClusterResolver      : Resolving eureka endpoints via configuration
2021-08-24 01:27:40.101  INFO 8820 --- [AsyncResolver-bootstrap-executor-0] c.n.d.s.r.aws.ConfigClusterResolver      : Resolving eureka endpoints via configuration
2021-08-24 01:32:40.104  INFO 8820 --- [AsyncResolver-bootstrap-executor-0] c.n.d.s.r.aws.ConfigClusterResolver      : Resolving eureka endpoints via configuration
2021-08-24 01:37:40.112  INFO 8820 --- [AsyncResolver-bootstrap-executor-0] c.n.d.s.r.aws.ConfigClusterResolver      : Resolving eureka endpoints via configuration
2021-08-24 01:42:40.126  INFO 8820 --- [AsyncResolver-bootstrap-executor-0] c.n.d.s.r.aws.ConfigClusterResolver      : Resolving eureka endpoints via configuration
2021-08-24 01:47:40.133  INFO 8820 --- [AsyncResolver-bootstrap-executor-0] c.n.d.s.r.aws.ConfigClusterResolver      : Resolving eureka endpoints via configuration
2021-08-24 01:52:40.136  INFO 8820 --- [AsyncResolver-bootstrap-executor-0] c.n.d.s.r.aws.ConfigClusterResolver      : Resolving eureka endpoints via configuration
2021-08-24 01:57:40.145  INFO 8820 --- [AsyncResolver-bootstrap-executor-0] c.n.d.s.r.aws.ConfigClusterResolver      : Resolving eureka endpoints via configuration
2021-08-24 02:02:40.152  INFO 8820 --- [AsyncResolver-bootstrap-executor-0] c.n.d.s.r.aws.ConfigClusterResolver      : Resolving eureka endpoints via configuration
2021-08-24 02:07:40.155  INFO 8820 --- [AsyncResolver-bootstrap-executor-0] c.n.d.s.r.aws.ConfigClusterResolver      : Resolving eureka endpoints via configuration
2021-08-24 02:12:40.157  INFO 8820 --- [AsyncResolver-bootstrap-executor-0] c.n.d.s.r.aws.ConfigClusterResolver      : Resolving eureka endpoints via configuration
2021-08-24 02:17:40.165  INFO 8820 --- [AsyncResolver-bootstrap-executor-0] c.n.d.s.r.aws.ConfigClusterResolver      : Resolving eureka endpoints via configuration
2021-08-24 02:22:40.171  INFO 8820 --- [AsyncResolver-bootstrap-executor-0] c.n.d.s.r.aws.ConfigClusterResolver      : Resolving eureka endpoints via configuration
2021-08-24 02:27:40.184  INFO 8820 --- [AsyncResolver-bootstrap-executor-0] c.n.d.s.r.aws.ConfigClusterResolver      : Resolving eureka endpoints via configuration
2021-08-24 02:32:40.200  INFO 8820 --- [AsyncResolver-bootstrap-executor-0] c.n.d.s.r.aws.ConfigClusterResolver      : Resolving eureka endpoints via configuration
2021-08-24 02:37:40.203  INFO 8820 --- [AsyncResolver-bootstrap-executor-0] c.n.d.s.r.aws.ConfigClusterResolver      : Resolving eureka endpoints via configuration
2021-08-24 02:42:40.215  INFO 8820 --- [AsyncResolver-bootstrap-executor-0] c.n.d.s.r.aws.ConfigClusterResolver      : Resolving eureka endpoints via configuration
2021-08-24 02:47:40.222  INFO 8820 --- [AsyncResolver-bootstrap-executor-0] c.n.d.s.r.aws.ConfigClusterResolver      : Resolving eureka endpoints via configuration
2021-08-24 02:52:40.237  INFO 8820 --- [AsyncResolver-bootstrap-executor-0] c.n.d.s.r.aws.ConfigClusterResolver      : Resolving eureka endpoints via configuration
2021-08-24 02:57:40.238  INFO 8820 --- [AsyncResolver-bootstrap-executor-0] c.n.d.s.r.aws.ConfigClusterResolver      : Resolving eureka endpoints via configuration
2021-08-24 03:02:40.250  INFO 8820 --- [AsyncResolver-bootstrap-executor-0] c.n.d.s.r.aws.ConfigClusterResolver      : Resolving eureka endpoints via configuration
2021-08-24 03:07:40.259  INFO 8820 --- [AsyncResolver-bootstrap-executor-0] c.n.d.s.r.aws.ConfigClusterResolver      : Resolving eureka endpoints via configuration
2021-08-24 03:12:40.261  INFO 8820 --- [AsyncResolver-bootstrap-executor-0] c.n.d.s.r.aws.ConfigClusterResolver      : Resolving eureka endpoints via configuration
2021-08-24 03:17:40.276  INFO 8820 --- [AsyncResolver-bootstrap-executor-0] c.n.d.s.r.aws.ConfigClusterResolver      : Resolving eureka endpoints via configuration
2021-08-24 03:22:40.284  INFO 8820 --- [AsyncResolver-bootstrap-executor-0] c.n.d.s.r.aws.ConfigClusterResolver      : Resolving eureka endpoints via configuration
2021-08-24 03:27:40.298  INFO 8820 --- [AsyncResolver-bootstrap-executor-0] c.n.d.s.r.aws.ConfigClusterResolver      : Resolving eureka endpoints via configuration
2021-08-24 03:32:40.302  INFO 8820 --- [AsyncResolver-bootstrap-executor-0] c.n.d.s.r.aws.ConfigClusterResolver      : Resolving eureka endpoints via configuration
2021-08-24 03:37:40.311  INFO 8820 --- [AsyncResolver-bootstrap-executor-0] c.n.d.s.r.aws.ConfigClusterResolver      : Resolving eureka endpoints via configuration
2021-08-24 03:42:40.321  INFO 8820 --- [AsyncResolver-bootstrap-executor-0] c.n.d.s.r.aws.ConfigClusterResolver      : Resolving eureka endpoints via configuration
2021-08-24 03:47:40.322  INFO 8820 --- [AsyncResolver-bootstrap-executor-0] c.n.d.s.r.aws.ConfigClusterResolver      : Resolving eureka endpoints via configuration
2021-08-24 03:52:40.325  INFO 8820 --- [AsyncResolver-bootstrap-executor-0] c.n.d.s.r.aws.ConfigClusterResolver      : Resolving eureka endpoints via configuration
2021-08-24 03:57:40.330  INFO 8820 --- [AsyncResolver-bootstrap-executor-0] c.n.d.s.r.aws.ConfigClusterResolver      : Resolving eureka endpoints via configuration
2021-08-24 04:02:40.341  INFO 8820 --- [AsyncResolver-bootstrap-executor-0] c.n.d.s.r.aws.ConfigClusterResolver      : Resolving eureka endpoints via configuration
2021-08-24 04:07:40.355  INFO 8820 --- [AsyncResolver-bootstrap-executor-0] c.n.d.s.r.aws.ConfigClusterResolver      : Resolving eureka endpoints via configuration
2021-08-24 04:12:40.366  INFO 8820 --- [AsyncResolver-bootstrap-executor-0] c.n.d.s.r.aws.ConfigClusterResolver      : Resolving eureka endpoints via configuration
2021-08-24 04:17:40.370  INFO 8820 --- [AsyncResolver-bootstrap-executor-0] c.n.d.s.r.aws.ConfigClusterResolver      : Resolving eureka endpoints via configuration
2021-08-24 04:22:40.374  INFO 8820 --- [AsyncResolver-bootstrap-executor-0] c.n.d.s.r.aws.ConfigClusterResolver      : Resolving eureka endpoints via configuration
2021-08-24 04:27:40.390  INFO 8820 --- [AsyncResolver-bootstrap-executor-0] c.n.d.s.r.aws.ConfigClusterResolver      : Resolving eureka endpoints via configuration
2021-08-24 04:32:40.401  INFO 8820 --- [AsyncResolver-bootstrap-executor-0] c.n.d.s.r.aws.ConfigClusterResolver      : Resolving eureka endpoints via configuration
2021-08-24 04:37:40.412  INFO 8820 --- [AsyncResolver-bootstrap-executor-0] c.n.d.s.r.aws.ConfigClusterResolver      : Resolving eureka endpoints via configuration
2021-08-24 04:42:40.414  INFO 8820 --- [AsyncResolver-bootstrap-executor-0] c.n.d.s.r.aws.ConfigClusterResolver      : Resolving eureka endpoints via configuration
2021-08-24 04:47:40.416  INFO 8820 --- [AsyncResolver-bootstrap-executor-0] c.n.d.s.r.aws.ConfigClusterResolver      : Resolving eureka endpoints via configuration
2021-08-24 04:52:40.427  INFO 8820 --- [AsyncResolver-bootstrap-executor-0] c.n.d.s.r.aws.ConfigClusterResolver      : Resolving eureka endpoints via configuration
2021-08-24 04:57:40.443  INFO 8820 --- [AsyncResolver-bootstrap-executor-0] c.n.d.s.r.aws.ConfigClusterResolver      : Resolving eureka endpoints via configuration
2021-08-24 05:02:40.452  INFO 8820 --- [AsyncResolver-bootstrap-executor-0] c.n.d.s.r.aws.ConfigClusterResolver      : Resolving eureka endpoints via configuration
2021-08-24 05:07:40.465  INFO 8820 --- [AsyncResolver-bootstrap-executor-0] c.n.d.s.r.aws.ConfigClusterResolver      : Resolving eureka endpoints via configuration
2021-08-24 05:12:40.467  INFO 8820 --- [AsyncResolver-bootstrap-executor-0] c.n.d.s.r.aws.ConfigClusterResolver      : Resolving eureka endpoints via configuration
2021-08-24 05:17:40.479  INFO 8820 --- [AsyncResolver-bootstrap-executor-0] c.n.d.s.r.aws.ConfigClusterResolver      : Resolving eureka endpoints via configuration
2021-08-24 05:22:40.480  INFO 8820 --- [AsyncResolver-bootstrap-executor-0] c.n.d.s.r.aws.ConfigClusterResolver      : Resolving eureka endpoints via configuration
2021-08-24 05:27:40.495  INFO 8820 --- [AsyncResolver-bootstrap-executor-0] c.n.d.s.r.aws.ConfigClusterResolver      : Resolving eureka endpoints via configuration
2021-08-24 07:48:09.087  INFO 8820 --- [kafka-coordinator-heartbeat-thread | academia-consumers] o.a.k.c.c.internals.AbstractCoordinator  : [Consumer clientId=consumer-academia-consumers-2, groupId=academia-consumers] Group coordinator host.docker.internal:9092 (id: 2147483647 rack: null) is unavailable or invalid, will attempt rediscovery
2021-08-24 07:48:09.093  INFO 8820 --- [KafkaConsumerDestination{consumerDestinationName='topic-academia-document', partitions=5, dlqName='null'}.container-0-C-1] o.a.k.c.c.internals.AbstractCoordinator  : [Consumer clientId=consumer-academia-consumers-2, groupId=academia-consumers] Discovered group coordinator host.docker.internal:9092 (id: 2147483647 rack: null)
2021-08-24 07:48:09.094  INFO 8820 --- [KafkaConsumerDestination{consumerDestinationName='topic-academia-document', partitions=5, dlqName='null'}.container-0-C-1] o.a.k.c.c.internals.AbstractCoordinator  : [Consumer clientId=consumer-academia-consumers-2, groupId=academia-consumers] Group coordinator host.docker.internal:9092 (id: 2147483647 rack: null) is unavailable or invalid, will attempt rediscovery
2021-08-24 07:48:09.211  INFO 8820 --- [KafkaConsumerDestination{consumerDestinationName='topic-academia-document', partitions=5, dlqName='null'}.container-0-C-1] o.a.k.c.c.internals.AbstractCoordinator  : [Consumer clientId=consumer-academia-consumers-2, groupId=academia-consumers] Discovered group coordinator host.docker.internal:9092 (id: 2147483647 rack: null)
2021-08-24 07:48:09.606  INFO 8820 --- [KafkaConsumerDestination{consumerDestinationName='topic-academia-document', partitions=5, dlqName='null'}.container-0-C-1] o.a.k.c.c.internals.AbstractCoordinator  : [Consumer clientId=consumer-academia-consumers-2, groupId=academia-consumers] Attempt to heartbeat failed since group is rebalancing
2021-08-24 07:48:09.611  INFO 8820 --- [KafkaConsumerDestination{consumerDestinationName='topic-academia-document', partitions=5, dlqName='null'}.container-0-C-1] o.a.k.c.c.internals.ConsumerCoordinator  : [Consumer clientId=consumer-academia-consumers-2, groupId=academia-consumers] Revoke previously assigned partitions topic-academia-document-0
2021-08-24 07:48:09.611  INFO 8820 --- [KafkaConsumerDestination{consumerDestinationName='topic-academia-document', partitions=5, dlqName='null'}.container-0-C-1] o.s.c.s.b.k.KafkaMessageChannelBinder$1  : academia-consumers: partitions revoked: [topic-academia-document-0]
2021-08-24 07:48:09.612  INFO 8820 --- [KafkaConsumerDestination{consumerDestinationName='topic-academia-document', partitions=5, dlqName='null'}.container-0-C-1] o.a.k.c.c.internals.AbstractCoordinator  : [Consumer clientId=consumer-academia-consumers-2, groupId=academia-consumers] (Re-)joining group
2021-08-24 07:48:09.862  INFO 8820 --- [KafkaConsumerDestination{consumerDestinationName='topic-academia-document', partitions=5, dlqName='null'}.container-0-C-1] o.a.k.c.c.internals.AbstractCoordinator  : [Consumer clientId=consumer-academia-consumers-2, groupId=academia-consumers] Successfully joined group with generation 26
2021-08-24 07:48:09.862  INFO 8820 --- [KafkaConsumerDestination{consumerDestinationName='topic-academia-document', partitions=5, dlqName='null'}.container-0-C-1] o.a.k.c.c.internals.ConsumerCoordinator  : [Consumer clientId=consumer-academia-consumers-2, groupId=academia-consumers] Adding newly assigned partitions: topic-academia-document-1, topic-academia-document-0
2021-08-24 07:48:09.920  INFO 8820 --- [KafkaConsumerDestination{consumerDestinationName='topic-academia-document', partitions=5, dlqName='null'}.container-0-C-1] o.a.k.c.c.internals.ConsumerCoordinator  : [Consumer clientId=consumer-academia-consumers-2, groupId=academia-consumers] Setting offset for partition topic-academia-document-1 to the committed offset FetchPosition{offset=4, offsetEpoch=Optional.empty, currentLeader=LeaderAndEpoch{leader=Optional[host.docker.internal:9092 (id: 0 rack: null)], epoch=0}}
2021-08-24 07:48:09.920  INFO 8820 --- [KafkaConsumerDestination{consumerDestinationName='topic-academia-document', partitions=5, dlqName='null'}.container-0-C-1] o.a.k.c.c.internals.ConsumerCoordinator  : [Consumer clientId=consumer-academia-consumers-2, groupId=academia-consumers] Setting offset for partition topic-academia-document-0 to the committed offset FetchPosition{offset=4, offsetEpoch=Optional.empty, currentLeader=LeaderAndEpoch{leader=Optional[host.docker.internal:9092 (id: 0 rack: null)], epoch=0}}
2021-08-24 07:48:09.921  INFO 8820 --- [KafkaConsumerDestination{consumerDestinationName='topic-academia-document', partitions=5, dlqName='null'}.container-0-C-1] o.s.c.s.b.k.KafkaMessageChannelBinder$1  : academia-consumers: partitions assigned: [topic-academia-document-1, topic-academia-document-0]
2021-08-24 07:48:12.866  INFO 8820 --- [KafkaConsumerDestination{consumerDestinationName='topic-academia-document', partitions=5, dlqName='null'}.container-0-C-1] o.a.k.c.c.internals.AbstractCoordinator  : [Consumer clientId=consumer-academia-consumers-2, groupId=academia-consumers] Attempt to heartbeat failed since group is rebalancing
2021-08-24 07:48:12.867  INFO 8820 --- [KafkaConsumerDestination{consumerDestinationName='topic-academia-document', partitions=5, dlqName='null'}.container-0-C-1] o.a.k.c.c.internals.ConsumerCoordinator  : [Consumer clientId=consumer-academia-consumers-2, groupId=academia-consumers] Revoke previously assigned partitions topic-academia-document-1, topic-academia-document-0
2021-08-24 07:48:12.867  INFO 8820 --- [KafkaConsumerDestination{consumerDestinationName='topic-academia-document', partitions=5, dlqName='null'}.container-0-C-1] o.s.c.s.b.k.KafkaMessageChannelBinder$1  : academia-consumers: partitions revoked: [topic-academia-document-1, topic-academia-document-0]
2021-08-24 07:48:12.867  INFO 8820 --- [KafkaConsumerDestination{consumerDestinationName='topic-academia-document', partitions=5, dlqName='null'}.container-0-C-1] o.a.k.c.c.internals.AbstractCoordinator  : [Consumer clientId=consumer-academia-consumers-2, groupId=academia-consumers] (Re-)joining group
2021-08-24 07:48:12.893  INFO 8820 --- [KafkaConsumerDestination{consumerDestinationName='topic-academia-document', partitions=5, dlqName='null'}.container-0-C-1] o.a.k.c.c.internals.AbstractCoordinator  : [Consumer clientId=consumer-academia-consumers-2, groupId=academia-consumers] Successfully joined group with generation 27
2021-08-24 07:48:12.893  INFO 8820 --- [KafkaConsumerDestination{consumerDestinationName='topic-academia-document', partitions=5, dlqName='null'}.container-0-C-1] o.a.k.c.c.internals.ConsumerCoordinator  : [Consumer clientId=consumer-academia-consumers-2, groupId=academia-consumers] Adding newly assigned partitions: topic-academia-document-0
2021-08-24 07:48:12.895  INFO 8820 --- [KafkaConsumerDestination{consumerDestinationName='topic-academia-document', partitions=5, dlqName='null'}.container-0-C-1] o.a.k.c.c.internals.ConsumerCoordinator  : [Consumer clientId=consumer-academia-consumers-2, groupId=academia-consumers] Setting offset for partition topic-academia-document-0 to the committed offset FetchPosition{offset=4, offsetEpoch=Optional.empty, currentLeader=LeaderAndEpoch{leader=Optional[host.docker.internal:9092 (id: 0 rack: null)], epoch=0}}
2021-08-24 07:48:12.895  INFO 8820 --- [KafkaConsumerDestination{consumerDestinationName='topic-academia-document', partitions=5, dlqName='null'}.container-0-C-1] o.s.c.s.b.k.KafkaMessageChannelBinder$1  : academia-consumers: partitions assigned: [topic-academia-document-0]
2021-08-24 07:48:18.505  WARN 8820 --- [HikariPool-1 housekeeper] com.zaxxer.hikari.pool.HikariPool        : HikariPool-1 - Thread starvation or clock leap detected (housekeeper delta=2h18m8s318ms269µs200ns).
2021-08-24 09:09:04.503  INFO 8820 --- [kafka-coordinator-heartbeat-thread | academia-consumers] o.a.k.c.c.internals.AbstractCoordinator  : [Consumer clientId=consumer-academia-consumers-2, groupId=academia-consumers] Group coordinator host.docker.internal:9092 (id: 2147483647 rack: null) is unavailable or invalid, will attempt rediscovery
2021-08-24 09:09:04.516  INFO 8820 --- [KafkaConsumerDestination{consumerDestinationName='topic-academia-document', partitions=5, dlqName='null'}.container-0-C-1] o.a.k.c.c.internals.AbstractCoordinator  : [Consumer clientId=consumer-academia-consumers-2, groupId=academia-consumers] Discovered group coordinator host.docker.internal:9092 (id: 2147483647 rack: null)
2021-08-24 09:09:04.516  INFO 8820 --- [KafkaConsumerDestination{consumerDestinationName='topic-academia-document', partitions=5, dlqName='null'}.container-0-C-1] o.a.k.c.c.internals.AbstractCoordinator  : [Consumer clientId=consumer-academia-consumers-2, groupId=academia-consumers] Group coordinator host.docker.internal:9092 (id: 2147483647 rack: null) is unavailable or invalid, will attempt rediscovery
2021-08-24 09:09:04.634  INFO 8820 --- [KafkaConsumerDestination{consumerDestinationName='topic-academia-document', partitions=5, dlqName='null'}.container-0-C-1] o.a.k.c.c.internals.AbstractCoordinator  : [Consumer clientId=consumer-academia-consumers-2, groupId=academia-consumers] Discovered group coordinator host.docker.internal:9092 (id: 2147483647 rack: null)
2021-08-24 09:09:06.258  INFO 8820 --- [KafkaConsumerDestination{consumerDestinationName='topic-academia-document', partitions=5, dlqName='null'}.container-0-C-1] o.a.k.c.c.internals.AbstractCoordinator  : [Consumer clientId=consumer-academia-consumers-2, groupId=academia-consumers] Attempt to heartbeat failed since group is rebalancing
2021-08-24 09:09:06.259  INFO 8820 --- [KafkaConsumerDestination{consumerDestinationName='topic-academia-document', partitions=5, dlqName='null'}.container-0-C-1] o.a.k.c.c.internals.ConsumerCoordinator  : [Consumer clientId=consumer-academia-consumers-2, groupId=academia-consumers] Revoke previously assigned partitions topic-academia-document-0
2021-08-24 09:09:06.259  INFO 8820 --- [KafkaConsumerDestination{consumerDestinationName='topic-academia-document', partitions=5, dlqName='null'}.container-0-C-1] o.s.c.s.b.k.KafkaMessageChannelBinder$1  : academia-consumers: partitions revoked: [topic-academia-document-0]
2021-08-24 09:09:06.259  INFO 8820 --- [KafkaConsumerDestination{consumerDestinationName='topic-academia-document', partitions=5, dlqName='null'}.container-0-C-1] o.a.k.c.c.internals.AbstractCoordinator  : [Consumer clientId=consumer-academia-consumers-2, groupId=academia-consumers] (Re-)joining group
2021-08-24 09:09:07.290  INFO 8820 --- [KafkaConsumerDestination{consumerDestinationName='topic-academia-document', partitions=5, dlqName='null'}.container-0-C-1] o.a.k.c.c.internals.AbstractCoordinator  : [Consumer clientId=consumer-academia-consumers-2, groupId=academia-consumers] Successfully joined group with generation 28
2021-08-24 09:09:07.291  INFO 8820 --- [KafkaConsumerDestination{consumerDestinationName='topic-academia-document', partitions=5, dlqName='null'}.container-0-C-1] o.a.k.c.c.internals.ConsumerCoordinator  : [Consumer clientId=consumer-academia-consumers-2, groupId=academia-consumers] Adding newly assigned partitions: topic-academia-document-2, topic-academia-document-1, topic-academia-document-0
2021-08-24 09:09:07.315  INFO 8820 --- [KafkaConsumerDestination{consumerDestinationName='topic-academia-document', partitions=5, dlqName='null'}.container-0-C-1] o.a.k.c.c.internals.ConsumerCoordinator  : [Consumer clientId=consumer-academia-consumers-2, groupId=academia-consumers] Setting offset for partition topic-academia-document-2 to the committed offset FetchPosition{offset=4, offsetEpoch=Optional.empty, currentLeader=LeaderAndEpoch{leader=Optional[host.docker.internal:9092 (id: 0 rack: null)], epoch=0}}
2021-08-24 09:09:07.315  INFO 8820 --- [KafkaConsumerDestination{consumerDestinationName='topic-academia-document', partitions=5, dlqName='null'}.container-0-C-1] o.a.k.c.c.internals.ConsumerCoordinator  : [Consumer clientId=consumer-academia-consumers-2, groupId=academia-consumers] Setting offset for partition topic-academia-document-1 to the committed offset FetchPosition{offset=4, offsetEpoch=Optional.empty, currentLeader=LeaderAndEpoch{leader=Optional[host.docker.internal:9092 (id: 0 rack: null)], epoch=0}}
2021-08-24 09:09:07.321  INFO 8820 --- [KafkaConsumerDestination{consumerDestinationName='topic-academia-document', partitions=5, dlqName='null'}.container-0-C-1] o.a.k.c.c.internals.ConsumerCoordinator  : [Consumer clientId=consumer-academia-consumers-2, groupId=academia-consumers] Setting offset for partition topic-academia-document-0 to the committed offset FetchPosition{offset=4, offsetEpoch=Optional.empty, currentLeader=LeaderAndEpoch{leader=Optional[host.docker.internal:9092 (id: 0 rack: null)], epoch=0}}
2021-08-24 09:09:07.321  INFO 8820 --- [KafkaConsumerDestination{consumerDestinationName='topic-academia-document', partitions=5, dlqName='null'}.container-0-C-1] o.s.c.s.b.k.KafkaMessageChannelBinder$1  : academia-consumers: partitions assigned: [topic-academia-document-2, topic-academia-document-1, topic-academia-document-0]
2021-08-24 09:09:09.394  WARN 8820 --- [HikariPool-1 housekeeper] com.zaxxer.hikari.pool.HikariPool        : HikariPool-1 - Thread starvation or clock leap detected (housekeeper delta=1h21m3s691ms860µs900ns).
2021-08-24 09:09:10.302  INFO 8820 --- [KafkaConsumerDestination{consumerDestinationName='topic-academia-document', partitions=5, dlqName='null'}.container-0-C-1] o.a.k.c.c.internals.AbstractCoordinator  : [Consumer clientId=consumer-academia-consumers-2, groupId=academia-consumers] Attempt to heartbeat failed since group is rebalancing
2021-08-24 09:09:10.303  INFO 8820 --- [KafkaConsumerDestination{consumerDestinationName='topic-academia-document', partitions=5, dlqName='null'}.container-0-C-1] o.a.k.c.c.internals.ConsumerCoordinator  : [Consumer clientId=consumer-academia-consumers-2, groupId=academia-consumers] Revoke previously assigned partitions topic-academia-document-2, topic-academia-document-1, topic-academia-document-0
2021-08-24 09:09:10.303  INFO 8820 --- [KafkaConsumerDestination{consumerDestinationName='topic-academia-document', partitions=5, dlqName='null'}.container-0-C-1] o.s.c.s.b.k.KafkaMessageChannelBinder$1  : academia-consumers: partitions revoked: [topic-academia-document-2, topic-academia-document-1, topic-academia-document-0]
2021-08-24 09:09:10.303  INFO 8820 --- [KafkaConsumerDestination{consumerDestinationName='topic-academia-document', partitions=5, dlqName='null'}.container-0-C-1] o.a.k.c.c.internals.AbstractCoordinator  : [Consumer clientId=consumer-academia-consumers-2, groupId=academia-consumers] (Re-)joining group
2021-08-24 09:09:10.346  INFO 8820 --- [KafkaConsumerDestination{consumerDestinationName='topic-academia-document', partitions=5, dlqName='null'}.container-0-C-1] o.a.k.c.c.internals.AbstractCoordinator  : [Consumer clientId=consumer-academia-consumers-2, groupId=academia-consumers] Successfully joined group with generation 29
2021-08-24 09:09:10.347  INFO 8820 --- [KafkaConsumerDestination{consumerDestinationName='topic-academia-document', partitions=5, dlqName='null'}.container-0-C-1] o.a.k.c.c.internals.ConsumerCoordinator  : [Consumer clientId=consumer-academia-consumers-2, groupId=academia-consumers] Adding newly assigned partitions: topic-academia-document-1
2021-08-24 09:09:10.348  INFO 8820 --- [KafkaConsumerDestination{consumerDestinationName='topic-academia-document', partitions=5, dlqName='null'}.container-0-C-1] o.a.k.c.c.internals.ConsumerCoordinator  : [Consumer clientId=consumer-academia-consumers-2, groupId=academia-consumers] Setting offset for partition topic-academia-document-1 to the committed offset FetchPosition{offset=4, offsetEpoch=Optional.empty, currentLeader=LeaderAndEpoch{leader=Optional[host.docker.internal:9092 (id: 0 rack: null)], epoch=0}}
2021-08-24 09:09:10.348  INFO 8820 --- [KafkaConsumerDestination{consumerDestinationName='topic-academia-document', partitions=5, dlqName='null'}.container-0-C-1] o.s.c.s.b.k.KafkaMessageChannelBinder$1  : academia-consumers: partitions assigned: [topic-academia-document-1]
2021-08-24 09:10:39.677  INFO 8820 --- [AsyncResolver-bootstrap-executor-0] c.n.d.s.r.aws.ConfigClusterResolver      : Resolving eureka endpoints via configuration
2021-08-24 09:15:39.682  INFO 8820 --- [AsyncResolver-bootstrap-executor-0] c.n.d.s.r.aws.ConfigClusterResolver      : Resolving eureka endpoints via configuration
2021-08-24 09:20:39.692  INFO 8820 --- [AsyncResolver-bootstrap-executor-0] c.n.d.s.r.aws.ConfigClusterResolver      : Resolving eureka endpoints via configuration
2021-08-24 09:25:39.701  INFO 8820 --- [AsyncResolver-bootstrap-executor-0] c.n.d.s.r.aws.ConfigClusterResolver      : Resolving eureka endpoints via configuration
2021-08-24 09:30:39.707  INFO 8820 --- [AsyncResolver-bootstrap-executor-0] c.n.d.s.r.aws.ConfigClusterResolver      : Resolving eureka endpoints via configuration
2021-08-24 09:35:39.722  INFO 8820 --- [AsyncResolver-bootstrap-executor-0] c.n.d.s.r.aws.ConfigClusterResolver      : Resolving eureka endpoints via configuration
2021-08-24 09:40:39.738  INFO 8820 --- [AsyncResolver-bootstrap-executor-0] c.n.d.s.r.aws.ConfigClusterResolver      : Resolving eureka endpoints via configuration
2021-08-24 09:45:39.744  INFO 8820 --- [AsyncResolver-bootstrap-executor-0] c.n.d.s.r.aws.ConfigClusterResolver      : Resolving eureka endpoints via configuration
2021-08-24 09:50:39.746  INFO 8820 --- [AsyncResolver-bootstrap-executor-0] c.n.d.s.r.aws.ConfigClusterResolver      : Resolving eureka endpoints via configuration
2021-08-24 09:55:39.754  INFO 8820 --- [AsyncResolver-bootstrap-executor-0] c.n.d.s.r.aws.ConfigClusterResolver      : Resolving eureka endpoints via configuration
2021-08-24 10:00:39.770  INFO 8820 --- [AsyncResolver-bootstrap-executor-0] c.n.d.s.r.aws.ConfigClusterResolver      : Resolving eureka endpoints via configuration
