2021-08-24 00:02:13.628  INFO 14908 --- [AsyncResolver-bootstrap-executor-0] c.n.d.s.r.aws.ConfigClusterResolver      : Resolving eureka endpoints via configuration
2021-08-24 00:07:13.669  INFO 14908 --- [AsyncResolver-bootstrap-executor-0] c.n.d.s.r.aws.ConfigClusterResolver      : Resolving eureka endpoints via configuration
2021-08-24 00:12:13.670  INFO 14908 --- [AsyncResolver-bootstrap-executor-0] c.n.d.s.r.aws.ConfigClusterResolver      : Resolving eureka endpoints via configuration
2021-08-24 00:17:13.685  INFO 14908 --- [AsyncResolver-bootstrap-executor-0] c.n.d.s.r.aws.ConfigClusterResolver      : Resolving eureka endpoints via configuration
2021-08-24 00:22:13.695  INFO 14908 --- [AsyncResolver-bootstrap-executor-0] c.n.d.s.r.aws.ConfigClusterResolver      : Resolving eureka endpoints via configuration
2021-08-24 00:27:13.708  INFO 14908 --- [AsyncResolver-bootstrap-executor-0] c.n.d.s.r.aws.ConfigClusterResolver      : Resolving eureka endpoints via configuration
2021-08-24 00:32:13.710  INFO 14908 --- [AsyncResolver-bootstrap-executor-0] c.n.d.s.r.aws.ConfigClusterResolver      : Resolving eureka endpoints via configuration
2021-08-24 00:37:13.721  INFO 14908 --- [AsyncResolver-bootstrap-executor-0] c.n.d.s.r.aws.ConfigClusterResolver      : Resolving eureka endpoints via configuration
2021-08-24 00:42:13.730  INFO 14908 --- [AsyncResolver-bootstrap-executor-0] c.n.d.s.r.aws.ConfigClusterResolver      : Resolving eureka endpoints via configuration
2021-08-24 00:47:13.732  INFO 14908 --- [AsyncResolver-bootstrap-executor-0] c.n.d.s.r.aws.ConfigClusterResolver      : Resolving eureka endpoints via configuration
2021-08-24 00:52:13.740  INFO 14908 --- [AsyncResolver-bootstrap-executor-0] c.n.d.s.r.aws.ConfigClusterResolver      : Resolving eureka endpoints via configuration
2021-08-24 00:57:13.755  INFO 14908 --- [AsyncResolver-bootstrap-executor-0] c.n.d.s.r.aws.ConfigClusterResolver      : Resolving eureka endpoints via configuration
2021-08-24 01:02:13.766  INFO 14908 --- [AsyncResolver-bootstrap-executor-0] c.n.d.s.r.aws.ConfigClusterResolver      : Resolving eureka endpoints via configuration
2021-08-24 01:07:13.781  INFO 14908 --- [AsyncResolver-bootstrap-executor-0] c.n.d.s.r.aws.ConfigClusterResolver      : Resolving eureka endpoints via configuration
2021-08-24 01:12:13.785  INFO 14908 --- [AsyncResolver-bootstrap-executor-0] c.n.d.s.r.aws.ConfigClusterResolver      : Resolving eureka endpoints via configuration
2021-08-24 01:17:13.785  INFO 14908 --- [AsyncResolver-bootstrap-executor-0] c.n.d.s.r.aws.ConfigClusterResolver      : Resolving eureka endpoints via configuration
2021-08-24 01:22:13.791  INFO 14908 --- [AsyncResolver-bootstrap-executor-0] c.n.d.s.r.aws.ConfigClusterResolver      : Resolving eureka endpoints via configuration
2021-08-24 01:27:13.796  INFO 14908 --- [AsyncResolver-bootstrap-executor-0] c.n.d.s.r.aws.ConfigClusterResolver      : Resolving eureka endpoints via configuration
2021-08-24 01:32:13.809  INFO 14908 --- [AsyncResolver-bootstrap-executor-0] c.n.d.s.r.aws.ConfigClusterResolver      : Resolving eureka endpoints via configuration
2021-08-24 01:37:13.816  INFO 14908 --- [AsyncResolver-bootstrap-executor-0] c.n.d.s.r.aws.ConfigClusterResolver      : Resolving eureka endpoints via configuration
2021-08-24 01:42:13.832  INFO 14908 --- [AsyncResolver-bootstrap-executor-0] c.n.d.s.r.aws.ConfigClusterResolver      : Resolving eureka endpoints via configuration
2021-08-24 01:47:13.836  INFO 14908 --- [AsyncResolver-bootstrap-executor-0] c.n.d.s.r.aws.ConfigClusterResolver      : Resolving eureka endpoints via configuration
2021-08-24 01:52:13.851  INFO 14908 --- [AsyncResolver-bootstrap-executor-0] c.n.d.s.r.aws.ConfigClusterResolver      : Resolving eureka endpoints via configuration
2021-08-24 01:57:13.853  INFO 14908 --- [AsyncResolver-bootstrap-executor-0] c.n.d.s.r.aws.ConfigClusterResolver      : Resolving eureka endpoints via configuration
2021-08-24 02:02:13.857  INFO 14908 --- [AsyncResolver-bootstrap-executor-0] c.n.d.s.r.aws.ConfigClusterResolver      : Resolving eureka endpoints via configuration
2021-08-24 02:07:13.876  INFO 14908 --- [AsyncResolver-bootstrap-executor-0] c.n.d.s.r.aws.ConfigClusterResolver      : Resolving eureka endpoints via configuration
2021-08-24 02:12:13.880  INFO 14908 --- [AsyncResolver-bootstrap-executor-0] c.n.d.s.r.aws.ConfigClusterResolver      : Resolving eureka endpoints via configuration
2021-08-24 02:17:13.892  INFO 14908 --- [AsyncResolver-bootstrap-executor-0] c.n.d.s.r.aws.ConfigClusterResolver      : Resolving eureka endpoints via configuration
2021-08-24 02:22:13.897  INFO 14908 --- [AsyncResolver-bootstrap-executor-0] c.n.d.s.r.aws.ConfigClusterResolver      : Resolving eureka endpoints via configuration
2021-08-24 02:27:13.909  INFO 14908 --- [AsyncResolver-bootstrap-executor-0] c.n.d.s.r.aws.ConfigClusterResolver      : Resolving eureka endpoints via configuration
2021-08-24 02:32:13.920  INFO 14908 --- [AsyncResolver-bootstrap-executor-0] c.n.d.s.r.aws.ConfigClusterResolver      : Resolving eureka endpoints via configuration
2021-08-24 02:37:13.924  INFO 14908 --- [AsyncResolver-bootstrap-executor-0] c.n.d.s.r.aws.ConfigClusterResolver      : Resolving eureka endpoints via configuration
2021-08-24 02:42:13.935  INFO 14908 --- [AsyncResolver-bootstrap-executor-0] c.n.d.s.r.aws.ConfigClusterResolver      : Resolving eureka endpoints via configuration
2021-08-24 02:47:13.944  INFO 14908 --- [AsyncResolver-bootstrap-executor-0] c.n.d.s.r.aws.ConfigClusterResolver      : Resolving eureka endpoints via configuration
2021-08-24 02:52:13.946  INFO 14908 --- [AsyncResolver-bootstrap-executor-0] c.n.d.s.r.aws.ConfigClusterResolver      : Resolving eureka endpoints via configuration
2021-08-24 02:57:13.949  INFO 14908 --- [AsyncResolver-bootstrap-executor-0] c.n.d.s.r.aws.ConfigClusterResolver      : Resolving eureka endpoints via configuration
2021-08-24 03:02:13.956  INFO 14908 --- [AsyncResolver-bootstrap-executor-0] c.n.d.s.r.aws.ConfigClusterResolver      : Resolving eureka endpoints via configuration
2021-08-24 03:07:13.963  INFO 14908 --- [AsyncResolver-bootstrap-executor-0] c.n.d.s.r.aws.ConfigClusterResolver      : Resolving eureka endpoints via configuration
2021-08-24 03:12:13.977  INFO 14908 --- [AsyncResolver-bootstrap-executor-0] c.n.d.s.r.aws.ConfigClusterResolver      : Resolving eureka endpoints via configuration
2021-08-24 03:17:13.979  INFO 14908 --- [AsyncResolver-bootstrap-executor-0] c.n.d.s.r.aws.ConfigClusterResolver      : Resolving eureka endpoints via configuration
2021-08-24 03:22:13.981  INFO 14908 --- [AsyncResolver-bootstrap-executor-0] c.n.d.s.r.aws.ConfigClusterResolver      : Resolving eureka endpoints via configuration
2021-08-24 03:27:13.986  INFO 14908 --- [AsyncResolver-bootstrap-executor-0] c.n.d.s.r.aws.ConfigClusterResolver      : Resolving eureka endpoints via configuration
2021-08-24 03:32:13.999  INFO 14908 --- [AsyncResolver-bootstrap-executor-0] c.n.d.s.r.aws.ConfigClusterResolver      : Resolving eureka endpoints via configuration
2021-08-24 03:37:14.000  INFO 14908 --- [AsyncResolver-bootstrap-executor-0] c.n.d.s.r.aws.ConfigClusterResolver      : Resolving eureka endpoints via configuration
2021-08-24 03:42:14.005  INFO 14908 --- [AsyncResolver-bootstrap-executor-0] c.n.d.s.r.aws.ConfigClusterResolver      : Resolving eureka endpoints via configuration
2021-08-24 03:47:14.011  INFO 14908 --- [AsyncResolver-bootstrap-executor-0] c.n.d.s.r.aws.ConfigClusterResolver      : Resolving eureka endpoints via configuration
2021-08-24 03:52:14.017  INFO 14908 --- [AsyncResolver-bootstrap-executor-0] c.n.d.s.r.aws.ConfigClusterResolver      : Resolving eureka endpoints via configuration
2021-08-24 03:57:14.023  INFO 14908 --- [AsyncResolver-bootstrap-executor-0] c.n.d.s.r.aws.ConfigClusterResolver      : Resolving eureka endpoints via configuration
2021-08-24 04:02:14.035  INFO 14908 --- [AsyncResolver-bootstrap-executor-0] c.n.d.s.r.aws.ConfigClusterResolver      : Resolving eureka endpoints via configuration
2021-08-24 04:07:14.037  INFO 14908 --- [AsyncResolver-bootstrap-executor-0] c.n.d.s.r.aws.ConfigClusterResolver      : Resolving eureka endpoints via configuration
2021-08-24 04:12:14.046  INFO 14908 --- [AsyncResolver-bootstrap-executor-0] c.n.d.s.r.aws.ConfigClusterResolver      : Resolving eureka endpoints via configuration
2021-08-24 04:17:14.051  INFO 14908 --- [AsyncResolver-bootstrap-executor-0] c.n.d.s.r.aws.ConfigClusterResolver      : Resolving eureka endpoints via configuration
2021-08-24 04:22:14.058  INFO 14908 --- [AsyncResolver-bootstrap-executor-0] c.n.d.s.r.aws.ConfigClusterResolver      : Resolving eureka endpoints via configuration
2021-08-24 04:27:14.064  INFO 14908 --- [AsyncResolver-bootstrap-executor-0] c.n.d.s.r.aws.ConfigClusterResolver      : Resolving eureka endpoints via configuration
2021-08-24 04:32:14.071  INFO 14908 --- [AsyncResolver-bootstrap-executor-0] c.n.d.s.r.aws.ConfigClusterResolver      : Resolving eureka endpoints via configuration
2021-08-24 04:37:14.074  INFO 14908 --- [AsyncResolver-bootstrap-executor-0] c.n.d.s.r.aws.ConfigClusterResolver      : Resolving eureka endpoints via configuration
2021-08-24 04:42:14.079  INFO 14908 --- [AsyncResolver-bootstrap-executor-0] c.n.d.s.r.aws.ConfigClusterResolver      : Resolving eureka endpoints via configuration
2021-08-24 04:47:14.084  INFO 14908 --- [AsyncResolver-bootstrap-executor-0] c.n.d.s.r.aws.ConfigClusterResolver      : Resolving eureka endpoints via configuration
2021-08-24 04:52:14.098  INFO 14908 --- [AsyncResolver-bootstrap-executor-0] c.n.d.s.r.aws.ConfigClusterResolver      : Resolving eureka endpoints via configuration
2021-08-24 04:57:14.103  INFO 14908 --- [AsyncResolver-bootstrap-executor-0] c.n.d.s.r.aws.ConfigClusterResolver      : Resolving eureka endpoints via configuration
2021-08-24 05:02:14.120  INFO 14908 --- [AsyncResolver-bootstrap-executor-0] c.n.d.s.r.aws.ConfigClusterResolver      : Resolving eureka endpoints via configuration
2021-08-24 05:07:14.135  INFO 14908 --- [AsyncResolver-bootstrap-executor-0] c.n.d.s.r.aws.ConfigClusterResolver      : Resolving eureka endpoints via configuration
2021-08-24 05:12:14.138  INFO 14908 --- [AsyncResolver-bootstrap-executor-0] c.n.d.s.r.aws.ConfigClusterResolver      : Resolving eureka endpoints via configuration
2021-08-24 05:17:14.147  INFO 14908 --- [AsyncResolver-bootstrap-executor-0] c.n.d.s.r.aws.ConfigClusterResolver      : Resolving eureka endpoints via configuration
2021-08-24 05:22:14.163  INFO 14908 --- [AsyncResolver-bootstrap-executor-0] c.n.d.s.r.aws.ConfigClusterResolver      : Resolving eureka endpoints via configuration
2021-08-24 05:27:14.173  INFO 14908 --- [AsyncResolver-bootstrap-executor-0] c.n.d.s.r.aws.ConfigClusterResolver      : Resolving eureka endpoints via configuration
2021-08-24 07:48:09.104  INFO 14908 --- [kafka-coordinator-heartbeat-thread | academia-consumers] o.a.k.c.c.internals.AbstractCoordinator  : [Consumer clientId=consumer-academia-consumers-2, groupId=academia-consumers] Group coordinator host.docker.internal:9092 (id: 2147483647 rack: null) is unavailable or invalid, will attempt rediscovery
2021-08-24 07:48:09.404  INFO 14908 --- [KafkaConsumerDestination{consumerDestinationName='topic-academia-document', partitions=5, dlqName='null'}.container-0-C-1] o.a.kafka.clients.FetchSessionHandler    : [Consumer clientId=consumer-academia-consumers-2, groupId=academia-consumers] Error sending fetch request (sessionId=320953919, epoch=99300) to node 0: {}.

org.apache.kafka.common.errors.DisconnectException: null

2021-08-24 07:48:09.438  INFO 14908 --- [KafkaConsumerDestination{consumerDestinationName='topic-academia-document', partitions=5, dlqName='null'}.container-0-C-1] o.a.k.c.c.internals.AbstractCoordinator  : [Consumer clientId=consumer-academia-consumers-2, groupId=academia-consumers] Discovered group coordinator host.docker.internal:9092 (id: 2147483647 rack: null)
2021-08-24 07:48:09.614  INFO 14908 --- [KafkaConsumerDestination{consumerDestinationName='topic-academia-document', partitions=5, dlqName='null'}.container-0-C-1] o.a.k.c.c.internals.AbstractCoordinator  : [Consumer clientId=consumer-academia-consumers-2, groupId=academia-consumers] Attempt to heartbeat failed for since member id consumer-academia-consumers-2-a1a00c11-d59e-4910-a9b6-88c1796cff17 is not valid.
2021-08-24 07:48:09.618  INFO 14908 --- [KafkaConsumerDestination{consumerDestinationName='topic-academia-document', partitions=5, dlqName='null'}.container-0-C-1] o.a.k.c.c.internals.ConsumerCoordinator  : [Consumer clientId=consumer-academia-consumers-2, groupId=academia-consumers] Giving away all assigned partitions as lost since generation has been reset,indicating that consumer is no longer part of the group
2021-08-24 07:48:09.618  INFO 14908 --- [KafkaConsumerDestination{consumerDestinationName='topic-academia-document', partitions=5, dlqName='null'}.container-0-C-1] o.a.k.c.c.internals.ConsumerCoordinator  : [Consumer clientId=consumer-academia-consumers-2, groupId=academia-consumers] Lost previously assigned partitions topic-academia-document-2
2021-08-24 07:48:09.624  INFO 14908 --- [KafkaConsumerDestination{consumerDestinationName='topic-academia-document', partitions=5, dlqName='null'}.container-0-C-1] o.s.c.s.b.k.KafkaMessageChannelBinder$1  : academia-consumers: partitions lost: [topic-academia-document-2]
2021-08-24 07:48:09.624  INFO 14908 --- [KafkaConsumerDestination{consumerDestinationName='topic-academia-document', partitions=5, dlqName='null'}.container-0-C-1] o.s.c.s.b.k.KafkaMessageChannelBinder$1  : academia-consumers: partitions revoked: [topic-academia-document-2]
2021-08-24 07:48:09.625  INFO 14908 --- [KafkaConsumerDestination{consumerDestinationName='topic-academia-document', partitions=5, dlqName='null'}.container-0-C-1] o.a.k.c.c.internals.AbstractCoordinator  : [Consumer clientId=consumer-academia-consumers-2, groupId=academia-consumers] (Re-)joining group
2021-08-24 07:48:09.682  INFO 14908 --- [KafkaConsumerDestination{consumerDestinationName='topic-academia-document', partitions=5, dlqName='null'}.container-0-C-1] o.a.k.c.c.internals.AbstractCoordinator  : [Consumer clientId=consumer-academia-consumers-2, groupId=academia-consumers] Join group failed with org.apache.kafka.common.errors.MemberIdRequiredException: The group member needs to have a valid member id before actually entering a consumer group
2021-08-24 07:48:09.683  INFO 14908 --- [KafkaConsumerDestination{consumerDestinationName='topic-academia-document', partitions=5, dlqName='null'}.container-0-C-1] o.a.k.c.c.internals.AbstractCoordinator  : [Consumer clientId=consumer-academia-consumers-2, groupId=academia-consumers] (Re-)joining group
2021-08-24 07:48:09.877  INFO 14908 --- [KafkaConsumerDestination{consumerDestinationName='topic-academia-document', partitions=5, dlqName='null'}.container-0-C-1] o.a.k.c.c.internals.AbstractCoordinator  : [Consumer clientId=consumer-academia-consumers-2, groupId=academia-consumers] Successfully joined group with generation 26
2021-08-24 07:48:09.883  INFO 14908 --- [KafkaConsumerDestination{consumerDestinationName='topic-academia-document', partitions=5, dlqName='null'}.container-0-C-1] o.a.k.c.c.internals.ConsumerCoordinator  : [Consumer clientId=consumer-academia-consumers-2, groupId=academia-consumers] Adding newly assigned partitions: topic-academia-document-3, topic-academia-document-2
2021-08-24 07:48:09.943  INFO 14908 --- [KafkaConsumerDestination{consumerDestinationName='topic-academia-document', partitions=5, dlqName='null'}.container-0-C-1] o.a.k.c.c.internals.ConsumerCoordinator  : [Consumer clientId=consumer-academia-consumers-2, groupId=academia-consumers] Setting offset for partition topic-academia-document-2 to the committed offset FetchPosition{offset=4, offsetEpoch=Optional.empty, currentLeader=LeaderAndEpoch{leader=Optional[host.docker.internal:9092 (id: 0 rack: null)], epoch=0}}
2021-08-24 07:48:09.943  INFO 14908 --- [KafkaConsumerDestination{consumerDestinationName='topic-academia-document', partitions=5, dlqName='null'}.container-0-C-1] o.a.k.c.c.internals.ConsumerCoordinator  : [Consumer clientId=consumer-academia-consumers-2, groupId=academia-consumers] Setting offset for partition topic-academia-document-3 to the committed offset FetchPosition{offset=4, offsetEpoch=Optional.empty, currentLeader=LeaderAndEpoch{leader=Optional[host.docker.internal:9092 (id: 0 rack: null)], epoch=0}}
2021-08-24 07:48:09.964  INFO 14908 --- [KafkaConsumerDestination{consumerDestinationName='topic-academia-document', partitions=5, dlqName='null'}.container-0-C-1] o.s.c.s.b.k.KafkaMessageChannelBinder$1  : academia-consumers: partitions assigned: [topic-academia-document-3, topic-academia-document-2]
2021-08-24 07:48:12.881  INFO 14908 --- [KafkaConsumerDestination{consumerDestinationName='topic-academia-document', partitions=5, dlqName='null'}.container-0-C-1] o.a.k.c.c.internals.AbstractCoordinator  : [Consumer clientId=consumer-academia-consumers-2, groupId=academia-consumers] Attempt to heartbeat failed since group is rebalancing
2021-08-24 07:48:12.882  INFO 14908 --- [KafkaConsumerDestination{consumerDestinationName='topic-academia-document', partitions=5, dlqName='null'}.container-0-C-1] o.a.k.c.c.internals.ConsumerCoordinator  : [Consumer clientId=consumer-academia-consumers-2, groupId=academia-consumers] Revoke previously assigned partitions topic-academia-document-3, topic-academia-document-2
2021-08-24 07:48:12.882  INFO 14908 --- [KafkaConsumerDestination{consumerDestinationName='topic-academia-document', partitions=5, dlqName='null'}.container-0-C-1] o.s.c.s.b.k.KafkaMessageChannelBinder$1  : academia-consumers: partitions revoked: [topic-academia-document-3, topic-academia-document-2]
2021-08-24 07:48:12.882  INFO 14908 --- [KafkaConsumerDestination{consumerDestinationName='topic-academia-document', partitions=5, dlqName='null'}.container-0-C-1] o.a.k.c.c.internals.AbstractCoordinator  : [Consumer clientId=consumer-academia-consumers-2, groupId=academia-consumers] (Re-)joining group
2021-08-24 07:48:12.893  INFO 14908 --- [KafkaConsumerDestination{consumerDestinationName='topic-academia-document', partitions=5, dlqName='null'}.container-0-C-1] o.a.k.c.c.internals.AbstractCoordinator  : [Consumer clientId=consumer-academia-consumers-2, groupId=academia-consumers] Successfully joined group with generation 27
2021-08-24 07:48:12.893  INFO 14908 --- [KafkaConsumerDestination{consumerDestinationName='topic-academia-document', partitions=5, dlqName='null'}.container-0-C-1] o.a.k.c.c.internals.ConsumerCoordinator  : [Consumer clientId=consumer-academia-consumers-2, groupId=academia-consumers] Adding newly assigned partitions: topic-academia-document-1
2021-08-24 07:48:12.895  INFO 14908 --- [KafkaConsumerDestination{consumerDestinationName='topic-academia-document', partitions=5, dlqName='null'}.container-0-C-1] o.a.k.c.c.internals.ConsumerCoordinator  : [Consumer clientId=consumer-academia-consumers-2, groupId=academia-consumers] Setting offset for partition topic-academia-document-1 to the committed offset FetchPosition{offset=4, offsetEpoch=Optional.empty, currentLeader=LeaderAndEpoch{leader=Optional[host.docker.internal:9092 (id: 0 rack: null)], epoch=0}}
2021-08-24 07:48:12.895  INFO 14908 --- [KafkaConsumerDestination{consumerDestinationName='topic-academia-document', partitions=5, dlqName='null'}.container-0-C-1] o.s.c.s.b.k.KafkaMessageChannelBinder$1  : academia-consumers: partitions assigned: [topic-academia-document-1]
2021-08-24 07:48:22.108  WARN 14908 --- [HikariPool-1 housekeeper] com.zaxxer.hikari.pool.HikariPool        : HikariPool-1 - Thread starvation or clock leap detected (housekeeper delta=2h18m8s329ms778µs).
2021-08-24 09:09:04.504  INFO 14908 --- [kafka-coordinator-heartbeat-thread | academia-consumers] o.a.k.c.c.internals.AbstractCoordinator  : [Consumer clientId=consumer-academia-consumers-2, groupId=academia-consumers] Group coordinator host.docker.internal:9092 (id: 2147483647 rack: null) is unavailable or invalid, will attempt rediscovery
2021-08-24 09:09:04.516  INFO 14908 --- [KafkaConsumerDestination{consumerDestinationName='topic-academia-document', partitions=5, dlqName='null'}.container-0-C-1] o.a.k.c.c.internals.AbstractCoordinator  : [Consumer clientId=consumer-academia-consumers-2, groupId=academia-consumers] Discovered group coordinator host.docker.internal:9092 (id: 2147483647 rack: null)
2021-08-24 09:09:04.517  INFO 14908 --- [KafkaConsumerDestination{consumerDestinationName='topic-academia-document', partitions=5, dlqName='null'}.container-0-C-1] o.a.k.c.c.internals.AbstractCoordinator  : [Consumer clientId=consumer-academia-consumers-2, groupId=academia-consumers] Group coordinator host.docker.internal:9092 (id: 2147483647 rack: null) is unavailable or invalid, will attempt rediscovery
2021-08-24 09:09:06.313  INFO 14908 --- [KafkaConsumerDestination{consumerDestinationName='topic-academia-document', partitions=5, dlqName='null'}.container-0-C-1] o.a.k.c.c.internals.AbstractCoordinator  : [Consumer clientId=consumer-academia-consumers-2, groupId=academia-consumers] Discovered group coordinator host.docker.internal:9092 (id: 2147483647 rack: null)
2021-08-24 09:09:07.285  INFO 14908 --- [KafkaConsumerDestination{consumerDestinationName='topic-academia-document', partitions=5, dlqName='null'}.container-0-C-1] o.a.k.c.c.internals.AbstractCoordinator  : [Consumer clientId=consumer-academia-consumers-2, groupId=academia-consumers] Attempt to heartbeat failed for since member id consumer-academia-consumers-2-35116f2e-0f2c-4192-a735-18b1ecdf2e3d is not valid.
2021-08-24 09:09:07.285  INFO 14908 --- [KafkaConsumerDestination{consumerDestinationName='topic-academia-document', partitions=5, dlqName='null'}.container-0-C-1] o.a.k.c.c.internals.ConsumerCoordinator  : [Consumer clientId=consumer-academia-consumers-2, groupId=academia-consumers] Giving away all assigned partitions as lost since generation has been reset,indicating that consumer is no longer part of the group
2021-08-24 09:09:07.285  INFO 14908 --- [KafkaConsumerDestination{consumerDestinationName='topic-academia-document', partitions=5, dlqName='null'}.container-0-C-1] o.a.k.c.c.internals.ConsumerCoordinator  : [Consumer clientId=consumer-academia-consumers-2, groupId=academia-consumers] Lost previously assigned partitions topic-academia-document-1
2021-08-24 09:09:07.285  INFO 14908 --- [KafkaConsumerDestination{consumerDestinationName='topic-academia-document', partitions=5, dlqName='null'}.container-0-C-1] o.s.c.s.b.k.KafkaMessageChannelBinder$1  : academia-consumers: partitions lost: [topic-academia-document-1]
2021-08-24 09:09:07.285  INFO 14908 --- [KafkaConsumerDestination{consumerDestinationName='topic-academia-document', partitions=5, dlqName='null'}.container-0-C-1] o.s.c.s.b.k.KafkaMessageChannelBinder$1  : academia-consumers: partitions revoked: [topic-academia-document-1]
2021-08-24 09:09:07.285  INFO 14908 --- [KafkaConsumerDestination{consumerDestinationName='topic-academia-document', partitions=5, dlqName='null'}.container-0-C-1] o.a.k.c.c.internals.AbstractCoordinator  : [Consumer clientId=consumer-academia-consumers-2, groupId=academia-consumers] (Re-)joining group
2021-08-24 09:09:07.290  INFO 14908 --- [KafkaConsumerDestination{consumerDestinationName='topic-academia-document', partitions=5, dlqName='null'}.container-0-C-1] o.a.k.c.c.internals.AbstractCoordinator  : [Consumer clientId=consumer-academia-consumers-2, groupId=academia-consumers] Join group failed with org.apache.kafka.common.errors.MemberIdRequiredException: The group member needs to have a valid member id before actually entering a consumer group
2021-08-24 09:09:07.291  INFO 14908 --- [KafkaConsumerDestination{consumerDestinationName='topic-academia-document', partitions=5, dlqName='null'}.container-0-C-1] o.a.k.c.c.internals.AbstractCoordinator  : [Consumer clientId=consumer-academia-consumers-2, groupId=academia-consumers] (Re-)joining group
2021-08-24 09:09:10.348  INFO 14908 --- [KafkaConsumerDestination{consumerDestinationName='topic-academia-document', partitions=5, dlqName='null'}.container-0-C-1] o.a.k.c.c.internals.AbstractCoordinator  : [Consumer clientId=consumer-academia-consumers-2, groupId=academia-consumers] Successfully joined group with generation 29
2021-08-24 09:09:10.351  INFO 14908 --- [KafkaConsumerDestination{consumerDestinationName='topic-academia-document', partitions=5, dlqName='null'}.container-0-C-1] o.a.k.c.c.internals.ConsumerCoordinator  : [Consumer clientId=consumer-academia-consumers-2, groupId=academia-consumers] Adding newly assigned partitions: topic-academia-document-4
2021-08-24 09:09:10.352  INFO 14908 --- [KafkaConsumerDestination{consumerDestinationName='topic-academia-document', partitions=5, dlqName='null'}.container-0-C-1] o.a.k.c.c.internals.ConsumerCoordinator  : [Consumer clientId=consumer-academia-consumers-2, groupId=academia-consumers] Setting offset for partition topic-academia-document-4 to the committed offset FetchPosition{offset=4, offsetEpoch=Optional.empty, currentLeader=LeaderAndEpoch{leader=Optional[host.docker.internal:9092 (id: 0 rack: null)], epoch=0}}
2021-08-24 09:09:10.353  INFO 14908 --- [KafkaConsumerDestination{consumerDestinationName='topic-academia-document', partitions=5, dlqName='null'}.container-0-C-1] o.s.c.s.b.k.KafkaMessageChannelBinder$1  : academia-consumers: partitions assigned: [topic-academia-document-4]
2021-08-24 09:09:12.977  WARN 14908 --- [HikariPool-1 housekeeper] com.zaxxer.hikari.pool.HikariPool        : HikariPool-1 - Thread starvation or clock leap detected (housekeeper delta=1h21m3s673ms924µs900ns).
2021-08-24 09:10:13.358  INFO 14908 --- [AsyncResolver-bootstrap-executor-0] c.n.d.s.r.aws.ConfigClusterResolver      : Resolving eureka endpoints via configuration
2021-08-24 09:15:13.372  INFO 14908 --- [AsyncResolver-bootstrap-executor-0] c.n.d.s.r.aws.ConfigClusterResolver      : Resolving eureka endpoints via configuration
2021-08-24 09:20:13.373  INFO 14908 --- [AsyncResolver-bootstrap-executor-0] c.n.d.s.r.aws.ConfigClusterResolver      : Resolving eureka endpoints via configuration
2021-08-24 09:25:13.379  INFO 14908 --- [AsyncResolver-bootstrap-executor-0] c.n.d.s.r.aws.ConfigClusterResolver      : Resolving eureka endpoints via configuration
2021-08-24 09:30:13.390  INFO 14908 --- [AsyncResolver-bootstrap-executor-0] c.n.d.s.r.aws.ConfigClusterResolver      : Resolving eureka endpoints via configuration
2021-08-24 09:35:13.403  INFO 14908 --- [AsyncResolver-bootstrap-executor-0] c.n.d.s.r.aws.ConfigClusterResolver      : Resolving eureka endpoints via configuration
2021-08-24 09:40:13.410  INFO 14908 --- [AsyncResolver-bootstrap-executor-0] c.n.d.s.r.aws.ConfigClusterResolver      : Resolving eureka endpoints via configuration
2021-08-24 09:45:13.425  INFO 14908 --- [AsyncResolver-bootstrap-executor-0] c.n.d.s.r.aws.ConfigClusterResolver      : Resolving eureka endpoints via configuration
2021-08-24 09:50:13.438  INFO 14908 --- [AsyncResolver-bootstrap-executor-0] c.n.d.s.r.aws.ConfigClusterResolver      : Resolving eureka endpoints via configuration
2021-08-24 09:55:13.440  INFO 14908 --- [AsyncResolver-bootstrap-executor-0] c.n.d.s.r.aws.ConfigClusterResolver      : Resolving eureka endpoints via configuration
2021-08-24 10:00:13.456  INFO 14908 --- [AsyncResolver-bootstrap-executor-0] c.n.d.s.r.aws.ConfigClusterResolver      : Resolving eureka endpoints via configuration
